[2023-03-07T11:18:26.098313+00:00] blog.ERROR: Cannot resolve type: CreateUserCommand {"exception":"[object] (GeekBrains\\LevelTwo\\Blog\\Exceptions\\NotFoundException(code: 0): Cannot resolve type: CreateUserCommand at /Users/denis/Downloads/GEEK_BRAINS/PHP_2/6_new/src/Blog/Container/DIContainer.php:37)"} []
[2023-03-07T12:29:17.600564+00:00] blog.ERROR: Cannot resolve type: CreateUserCommand {"exception":"[object] (GeekBrains\\LevelTwo\\Blog\\Exceptions\\NotFoundException(code: 0): Cannot resolve type: CreateUserCommand at /Users/denis/Downloads/GEEK_BRAINS/PHP_2/6_new/src/Blog/Container/DIContainer.php:37)"} []
[2023-03-07T12:43:25.953644+00:00] blog.ERROR: Cannot resolve type: CreateUserCommand {"exception":"[object] (GeekBrains\\LevelTwo\\Blog\\Exceptions\\NotFoundException(code: 0): Cannot resolve type: CreateUserCommand at /Users/denis/Downloads/GEEK_BRAINS/PHP_2/6_new/src/Blog/Container/DIContainer.php:37)"} []
[2023-03-07T14:29:18.354253+00:00] blog.ERROR: Cannot resolve type: CreateUserCommand {"exception":"[object] (GeekBrains\\LevelTwo\\Blog\\Exceptions\\NotFoundException(code: 0): Cannot resolve type: CreateUserCommand at /Users/denis/Downloads/GEEK_BRAINS/PHP_2/6_new/src/Blog/Container/DIContainer.php:37)"} []
[2023-03-07T15:19:02.569187+00:00] blog.ERROR: Cannot resolve type: CreateUserCommand {"exception":"[object] (GeekBrains\\LevelTwo\\Blog\\Exceptions\\NotFoundException(code: 0): Cannot resolve type: CreateUserCommand at /Users/denis/Downloads/GEEK_BRAINS/PHP_2/6_new/src/Blog/Container/DIContainer.php:37)"} []
[2023-03-07T16:24:02.384620+00:00] blog.INFO: Create user command started [] []
[2023-03-07T20:53:26.665889+00:00] blog.INFO: Create user command started [] []
[2023-03-07T20:53:26.679009+00:00] blog.ERROR: User already exists: user123 {"exception":"[object] (GeekBrains\\LevelTwo\\Blog\\Exceptions\\CommandException(code: 0): User already exists: user123 at /Users/denis/Downloads/GEEK_BRAINS/PHP_2/6_new/src/Blog/Commands/CreateUserCommand.php:42)"} []
[2023-03-07T20:53:46.490259+00:00] blog.INFO: Create user command started [] []
[2023-03-07T21:00:10.250820+00:00] blog.INFO: Create user command started [] []
[2023-03-07T21:01:41.228024+00:00] blog.INFO: Create user command started [] []
[2023-03-07T21:01:41.231867+00:00] blog.WARNING: User already exists: user123 [] []
[2023-03-07T21:21:11.951187+00:00] blog.INFO: Post created: c8fa9203-b0a9-44d1-a857-a35daa8dc8ec [] []
[2023-03-07T21:36:35.572889+00:00] blog.INFO: Post created: fee6622f-0a8b-4e09-a123-2afe47719cb9 [] []
[2023-03-07T21:36:50.052272+00:00] blog.INFO: Post created: 22053143-29dc-471a-b665-c3391b48eb4b [] []
[2023-03-07T21:37:36.003166+00:00] blog.INFO: Post created: 01eb0443-5710-4731-a562-ef662e8f99ef [] []
[2023-03-07T21:44:34.446441+00:00] blog.INFO: Post created: 139ab0f5-5b1f-4564-bb3a-3a0d4d8c711f [] []
[2023-03-07T21:52:38.152667+00:00] blog.INFO: Post created: a10996b9-a41a-4dbf-9000-fa397b7050c4 [] []
[2023-03-07T22:12:32.673128+00:00] blog.INFO: Post created: 79f6b88b-b748-48ff-b8a1-511d9e0ec65b [] []
[2023-03-07T22:16:00.687403+00:00] blog.INFO: Post created: fd0de4a0-05f0-4f0c-9388-5b3fe1c1e609 [] []
[2023-03-07T22:18:45.079567+00:00] blog.INFO: Post created: 82d8b811-6aeb-48f8-87fc-743b548f7e56 [] []
[2023-03-07T22:18:56.003493+00:00] blog.INFO: Post created: 113298cf-5fba-4223-a5ef-4d913ad14750 [] []
[2023-03-07T22:19:50.059533+00:00] blog.INFO: Post created: 5204600a-3ae1-4004-a8eb-e2ecbc546aed [] []
[2023-03-07T22:23:00.485771+00:00] blog.INFO: Post created: 73694a02-a623-4843-9d89-891a2493f812 [] []
[2023-03-07T22:23:17.383836+00:00] blog.INFO: Post created: d6ece894-ebae-4781-b4e0-56c83129ee53 [] []
[2023-03-08T15:37:49.169022+00:00] blog.INFO: Create user command started [] []
[2023-03-08T15:37:49.183473+00:00] blog.WARNING: User already exists: user123 [] []
[2023-03-08T20:55:43.777524+00:00] blog.INFO: Post created: a82c5122-4e91-4a5d-96d0-929a6ae496c9 [] []
[2023-03-08T22:48:08.347792+00:00] blog.INFO: Post created: a3e41c17-fb78-475a-a254-4dc65286f82b [] []
[2023-03-08T22:51:30.781507+00:00] blog.INFO: Post created: 804e65d1-d8fe-4fd2-a830-c7fc7f12b3f7 [] []
[2023-03-08T22:55:32.105356+00:00] blog.INFO: Post created: ad69fc5b-f4db-4cf4-97ce-4e7f5af8a0fd [] []
[2023-03-08T22:55:45.747778+00:00] blog.WARNING: Can't create post [] []
[2023-03-08T22:55:45.748416+00:00] blog.INFO: Post created: a8e3dbcd-7571-4b30-bdb3-c7590d985624 [] []
[2023-03-08T22:56:16.974054+00:00] blog.WARNING: Can't create post [] []
[2023-03-08T22:56:16.974506+00:00] blog.INFO: Post created: 18b8fc6f-5ba9-4ba2-92c4-7d689e927962 [] []
[2023-03-08T22:57:17.208848+00:00] blog.WARNING: Can't create post [] []
[2023-03-08T22:57:17.209496+00:00] blog.INFO: Post created: f324becd-d591-44f6-bc7a-22d816eeed33 [] []
[2023-03-08T22:58:46.215686+00:00] blog.WARNING: Can't create post [] []
[2023-03-08T22:58:46.218095+00:00] blog.INFO: Post created: b538cf03-e425-4eb6-96fe-5903bdfc862f [] []
[2023-03-08T23:06:23.517653+00:00] blog.WARNING: Can't create post [] []
[2023-03-08T23:08:09.809177+00:00] blog.WARNING: Can't create post [] []
[2023-03-08T23:09:59.028623+00:00] blog.WARNING: Can't create post [] []
[2023-03-08T23:14:47.608947+00:00] blog.WARNING: Can't create post [] []
[2023-03-08T23:15:24.305255+00:00] blog.WARNING: Can't create post [] []
[2023-03-08T23:15:57.121125+00:00] blog.WARNING: Can't create post [] []
[2023-03-08T23:19:07.361313+00:00] blog.INFO: Post created: 0f86ce53-10bf-4d00-9165-206a2aff45df [] []
[2023-03-08T23:19:35.503128+00:00] blog.INFO: Post created: 6b921ea7-4280-4a3a-996f-83fb30e7c1e6 [] []
[2023-03-08T23:20:02.114889+00:00] blog.WARNING: Can't create post [] []
[2023-03-09T14:28:29.206071+00:00] blog.INFO: Post created: 0ee3168b-b3ec-4f6c-8782-c2ef2b04ea94 [] []
[2023-03-09T14:29:05.508334+00:00] blog.INFO: Post created: 8f5e0ef7-8070-4d51-88f1-fc602c613718 [] []
[2023-03-09T14:30:39.026354+00:00] blog.INFO: Post created: 1885a3da-6833-4d73-b1e5-abe946e9353e [] []
[2023-03-09T14:31:28.062573+00:00] blog.INFO: Post created: c03f754e-1441-45cd-8046-efbc06891f0c [] []
[2023-03-09T14:37:30.207530+00:00] blog.INFO: Post created: 346a1889-2ec5-4f47-87ec-1a918dfd69d4 [] []
[2023-03-09T14:37:58.358464+00:00] blog.INFO: Post created: c01bb5e5-5968-4c29-b7b9-0c4768e34d5d [] []
[2023-03-09T16:51:40.202130+00:00] blog.INFO: Post created: a50adbe9-b94f-420e-a8d8-8a5254fac81d [] []
[2023-03-10T09:10:47.807258+00:00] blog.INFO: Create user command started [] []
[2023-03-10T09:11:39.662712+00:00] blog.INFO: Create user command started [] []
[2023-03-10T09:14:51.161467+00:00] blog.INFO: Create user command started [] []
[2023-03-10T11:42:54.833499+00:00] blog.INFO: Post created: 08a4e420-aa12-4536-a86f-9231d76b3912 [] []
[2023-03-10T12:13:00.529388+00:00] blog.INFO: Create user command started [] []
[2023-03-10T12:13:18.278006+00:00] blog.INFO: Create user command started [] []
[2023-03-10T12:14:17.685867+00:00] blog.INFO: Post created: 5a70b992-4bf2-4a6e-bb34-cdc6ee17addc [] []
[2023-03-10T13:27:14.348993+00:00] blog.INFO: Create user command started [] []
[2023-03-10T13:32:15.776856+00:00] blog.INFO: Create user command started [] []
[2023-03-10T13:32:15.785066+00:00] blog.INFO: User created: 6e975af3-120e-4a11-bb47-93d120467229 [] []
[2023-03-10T13:32:49.158813+00:00] blog.INFO: Create user command started [] []
[2023-03-10T13:32:49.161486+00:00] blog.WARNING: User already exists: user1 [] []
[2023-03-10T13:33:45.335230+00:00] blog.INFO: Create user command started [] []
[2023-03-10T13:33:45.342152+00:00] blog.INFO: User created: 6102f24f-9db4-4044-a5ff-088de2f05140 [] []
[2023-03-10T13:42:51.427092+00:00] blog.INFO: Create user command started [] []
[2023-03-10T13:42:51.433285+00:00] blog.INFO: User created: 76691d8d-e92a-4a03-9773-53e8b0bf1a7b [] []
[2023-03-12T17:38:51.621565+00:00] blog.INFO: Post created: 5bb78756-a246-4783-9469-dbcaed08a6fa [] []
[2023-03-12T17:39:23.970305+00:00] blog.INFO: Post created: b3b96481-605e-47ff-9533-32b2bcf3faba [] []
[2023-03-12T17:39:33.940150+00:00] blog.INFO: Post created: a3caa3a9-8836-4f5e-b445-0137d0aa040b [] []
[2023-03-12T20:21:20.917914+00:00] blog.INFO: Create user command started [] []
[2023-03-12T20:21:20.930196+00:00] blog.INFO: User created: 71e1972e-5b53-4723-971c-cc47fe1e6ef0 [] []
[2023-03-12T20:26:24.081438+00:00] blog.INFO: Post created: a6732f54-2d8b-4e8a-924a-6fb6380c5dc8 [] []
[2023-03-12T21:20:13.967215+00:00] blog.INFO: Comment created: 26ff2e07-3e91-4a5d-8980-fb7cb9d69074 [] []
[2023-03-12T21:23:02.281205+00:00] blog.INFO: Comment created: f874220b-9c08-4373-9252-79252f894457 [] []
[2023-03-12T21:23:37.833954+00:00] blog.INFO: Comment created: 0d522202-e9ad-4276-bf28-a95408c2927d [] []
[2023-03-16T15:44:27.380604+00:00] blog.WARNING: Cannot find post: 8a0197b8-0504-4aa8-bf41-b3f16088bd9a [] []
[2023-03-16T16:03:59.540092+00:00] blog.WARNING: Cannot find post: a6732f54-2d8b-4e8a-924a-6fb6380c5dc8 [] []
